
Showing logs for build [32mcb-kubecd-environment-pr-208-49-hfnn7-1[0m stage [32mfrom-build-pack[0m and container [32mstep-credential-initializer-fzrxh[0m
{"level":"info","ts":1587703104.7806163,"logger":"fallback-logger","caller":"logging/config.go:69","msg":"Fetch GitHub commit ID from kodata failed: open /var/run/ko/refs/heads/0.8.0-ns-support: no such file or directory"}
{"level":"info","ts":1587703104.781677,"logger":"fallback-logger","caller":"creds-init/main.go:40","msg":"Credentials initialized."}

Showing logs for build [32mcb-kubecd-environment-pr-208-49-hfnn7-1[0m stage [32mfrom-build-pack[0m and container [32mstep-working-dir-initializer-xgdjb[0m
{"level":"info","ts":1587703105.3553655,"logger":"fallback-logger","caller":"logging/config.go:69","msg":"Fetch GitHub commit ID from kodata failed: open /var/run/ko/HEAD: no such file or directory"}
{"level":"info","ts":1587703105.3567953,"logger":"fallback-logger","caller":"bash/main.go:64","msg":"Successfully executed command \"sh -c mkdir -p /workspace/source\"; output "}

Showing logs for build [32mcb-kubecd-environment-pr-208-49-hfnn7-1[0m stage [32mfrom-build-pack[0m and container [32mstep-place-tools[0m

Showing logs for build [32mcb-kubecd-environment-pr-208-49-hfnn7-1[0m stage [32mfrom-build-pack[0m and container [32mstep-git-source-cb-kubecd-environment-pr-208-49-hfnn7-b8mtk[0m
{"level":"info","ts":1587703109.6000938,"logger":"fallback-logger","caller":"logging/config.go:69","msg":"Fetch GitHub commit ID from kodata failed: open /var/run/ko/refs/heads/0.8.0-ns-support: no such file or directory"}
{"level":"info","ts":1587703110.6140273,"logger":"fallback-logger","caller":"git/git.go:103","msg":"Successfully cloned https://github.com/cb-kubecd/environment-pr-208-49-boot-gke-production.git @ master in path /workspace/source"}

Showing logs for build [32mcb-kubecd-environment-pr-208-49-hfnn7-1[0m stage [32mfrom-build-pack[0m and container [32mstep-git-merge[0m
Using SHAs from PULL_REFS=master:e8430d47d80b7aad53d871e5c1e87baef67a2a83,1:e1069657f2b4502e4f68a53e24243d65600f05c8
DEBUG: LC_ALL=C JX_LOG_LEVEL=error git fetch origin --unshallow e1069657f2b4502e4f68a53e24243d65600f05c8: e8430d47d80b7aad53d871e5c1e87baef67a2a83:
DEBUG: ran git fetch --unshallow origin e1069657f2b4502e4f68a53e24243d65600f05c8: e8430d47d80b7aad53d871e5c1e87baef67a2a83: in 
DEBUG: LC_ALL=C JX_LOG_LEVEL=error git branch
DEBUG: LC_ALL=C JX_LOG_LEVEL=error git checkout master
DEBUG: ran git checkout master in 
DEBUG: LC_ALL=C JX_LOG_LEVEL=error git reset --hard e8430d47d80b7aad53d871e5c1e87baef67a2a83
DEBUG: ran git reset --hard e8430d47d80b7aad53d871e5c1e87baef67a2a83 in 
DEBUG: LC_ALL=C JX_LOG_LEVEL=error git clean -fd .
DEBUG: ran clean --force -d . in 
DEBUG: LC_ALL=C JX_LOG_LEVEL=error git merge e1069657f2b4502e4f68a53e24243d65600f05c8
DEBUG: ran git merge e1069657f2b4502e4f68a53e24243d65600f05c8 in 
DEBUG: LC_ALL=C JX_LOG_LEVEL=error git log --format=%H%x1f%an%x1f%ae%x1f%cn%x1f%ce%x1f%s%n%b%x1e e8430d47d80b7aad53d871e5c1e87baef67a2a83..HEAD
Merged SHA e1069657f2b4502e4f68a53e24243d65600f05c8 with commit message 'chore: Promote bdd-spring-1587702144 to version 0.0.1' into base branch master

Showing logs for build [32mcb-kubecd-environment-pr-208-49-hfnn7-1[0m stage [32mfrom-build-pack[0m and container [32mstep-build-helm-build[0m
WARNING: No $CHART_REPOSITORY defined so using the default value of: http://jenkins-x-chartmuseum:8080
Adding missing Helm repo: storage.googleapis.com https://storage.googleapis.com/chartmuseum.jenkins-x.io
WARNING: No secrets found on "helm/repos" due: reading the secret "helm/repos" from vault: no secret "helm/repos" not found in vault
Read credentials for https://storage.googleapis.com/chartmuseum.jenkins-x.io from vault helm/repos
Successfully added Helm repository storage.googleapis.com.
Adding missing Helm repo: jenkins-x-chartmuseum http://jenkins-x-chartmuseum:8080
WARNING: No secrets found on "helm/repos" due: reading the secret "helm/repos" from vault: no secret "helm/repos" not found in vault
Read credentials for http://jenkins-x-chartmuseum:8080 from vault helm/repos
Successfully added Helm repository jenkins-x-chartmuseum.
WARNING: No $CHART_REPOSITORY defined so using the default value of: http://jenkins-x-chartmuseum:8080
Adding missing Helm repo: chartmuseum.jenkins-x.io http://chartmuseum.jenkins-x.io
WARNING: No secrets found on "helm/repos" due: reading the secret "helm/repos" from vault: no secret "helm/repos" not found in vault
Read credentials for http://chartmuseum.jenkins-x.io from vault helm/repos
Successfully added Helm repository chartmuseum.jenkins-x.io.
